{
    "timestamp": "2025-12-25 12:32:02",
    "id_radiologi": "15",
    "url": "https:\/\/api-satusehat.kemkes.go.id\/fhir-r4\/v1\/ServiceRequest",
    "http_code": 201,
    "payload": {
        "resourceType": "ServiceRequest",
        "status": "active",
        "intent": "order",
        "priority": "routine",
        "category": [
            {
                "coding": [
                    {
                        "system": "http:\/\/snomed.info\/sct",
                        "code": "363679005",
                        "display": "Imaging"
                    }
                ]
            }
        ],
        "code": {
            "coding": [
                {
                    "system": "http:\/\/loinc.org",
                    "code": "30738-9",
                    "display": "Abdomen X-ray"
                }
            ],
            "text": "Tidak ada catatan"
        },
        "subject": {
            "reference": "Patient\/P00386659445"
        },
        "encounter": {
            "reference": "Encounter\/d0559d10-a497-43da-8102-0d0a19e7dbd5",
            "display": "Permintaan Radiologi"
        },
        "occurrenceDateTime": "2025-12-25T12:31:00+07:00",
        "authoredOn": "2025-12-25T12:31:00+07:00",
        "requester": {
            "reference": "Practitioner\/10019324143",
            "display": "Dr. dr. Elly Wijaya Nursyam Sp. PD. M.H.Kes. MM. FINASIM"
        },
        "performer": [
            {
                "reference": "Practitioner\/10019324143",
                "display": "Dr. dr. Elly Wijaya Nursyam Sp. PD. M.H.Kes. MM. FINASIM"
            }
        ],
        "reasonCode": [
            {
                "text": "Nyeri perut",
                "coding": [
                    {
                        "system": "http:\/\/snomed.info\/sct",
                        "code": "21522001",
                        "display": "Abdominal pain"
                    }
                ]
            }
        ]
    },
    "payload_json": "{\"resourceType\":\"ServiceRequest\",\"status\":\"active\",\"intent\":\"order\",\"priority\":\"routine\",\"category\":[{\"coding\":[{\"system\":\"http:\/\/snomed.info\/sct\",\"code\":\"363679005\",\"display\":\"Imaging\"}]}],\"code\":{\"coding\":[{\"system\":\"http:\/\/loinc.org\",\"code\":\"30738-9\",\"display\":\"Abdomen X-ray\"}],\"text\":\"Tidak ada catatan\"},\"subject\":{\"reference\":\"Patient\/P00386659445\"},\"encounter\":{\"reference\":\"Encounter\/d0559d10-a497-43da-8102-0d0a19e7dbd5\",\"display\":\"Permintaan Radiologi\"},\"occurrenceDateTime\":\"2025-12-25T12:31:00+07:00\",\"authoredOn\":\"2025-12-25T12:31:00+07:00\",\"requester\":{\"reference\":\"Practitioner\/10019324143\",\"display\":\"Dr. dr. Elly Wijaya Nursyam Sp. PD. M.H.Kes. MM. FINASIM\"},\"performer\":[{\"reference\":\"Practitioner\/10019324143\",\"display\":\"Dr. dr. Elly Wijaya Nursyam Sp. PD. M.H.Kes. MM. FINASIM\"}],\"reasonCode\":[{\"text\":\"Nyeri perut\",\"coding\":[{\"system\":\"http:\/\/snomed.info\/sct\",\"code\":\"21522001\",\"display\":\"Abdominal pain\"}]}]}",
    "response": "{\"authoredOn\":\"2025-12-25T12:31:00+07:00\",\"category\":[{\"coding\":[{\"code\":\"363679005\",\"display\":\"Imaging\",\"system\":\"http:\/\/snomed.info\/sct\"}]}],\"code\":{\"coding\":[{\"code\":\"30738-9\",\"display\":\"Abdomen X-ray\",\"system\":\"http:\/\/loinc.org\"}],\"text\":\"Tidak ada catatan\"},\"encounter\":{\"display\":\"Permintaan Radiologi\",\"reference\":\"Encounter\/d0559d10-a497-43da-8102-0d0a19e7dbd5\"},\"id\":\"a147851c-1863-47f4-9f19-faa84c1439c7\",\"identifier\":[],\"intent\":\"order\",\"meta\":{\"lastUpdated\":\"2025-12-25T05:32:04.717652+00:00\",\"versionId\":\"MTc2NjY0MDcyNDcxNzY1MjAwMA\"},\"occurrenceDateTime\":\"2025-12-25T12:31:00+07:00\",\"performer\":[{\"display\":\"Dr. dr. Elly Wijaya Nursyam Sp. PD. M.H.Kes. MM. FINASIM\",\"reference\":\"Practitioner\/10019324143\"}],\"priority\":\"routine\",\"reasonCode\":[{\"coding\":[{\"code\":\"21522001\",\"display\":\"Abdominal pain\",\"system\":\"http:\/\/snomed.info\/sct\"}],\"text\":\"Nyeri perut\"}],\"requester\":{\"display\":\"Dr. dr. Elly Wijaya Nursyam Sp. PD. M.H.Kes. MM. FINASIM\",\"reference\":\"Practitioner\/10019324143\"},\"resourceType\":\"ServiceRequest\",\"status\":\"active\",\"subject\":{\"reference\":\"Patient\/P00386659445\"}}",
    "curl_error": "",
    "token_preview": "061Ge6GhJXmzfsv1Peb9..."
}
