{
    "timestamp": "2025-12-23 04:45:01",
    "id_radiologi": "10",
    "url": "https:\/\/api-satusehat.kemkes.go.id\/fhir-r4\/v1\/ServiceRequest",
    "http_code": 201,
    "payload": {
        "resourceType": "ServiceRequest",
        "status": "active",
        "intent": "order",
        "priority": "routine",
        "category": [
            {
                "coding": [
                    {
                        "system": "http:\/\/snomed.info\/sct",
                        "code": "363679005",
                        "display": "Imaging"
                    }
                ]
            }
        ],
        "code": {
            "coding": [
                {
                    "system": "http:\/\/loinc.org",
                    "code": "30746-2",
                    "display": "Chest X-ray AP view"
                }
            ],
            "text": "Tidak ada catatan"
        },
        "subject": {
            "reference": "Patient\/P01906659195"
        },
        "encounter": {
            "reference": "Encounter\/207aed4c-c056-406e-82a7-54f9d3530a31",
            "display": "Permintaan Radiologi"
        },
        "occurrenceDateTime": "2025-12-23T00:16:00+07:00",
        "authoredOn": "2025-12-23T00:16:00+07:00",
        "requester": {
            "reference": "Practitioner\/10010596324",
            "display": "dr. Eha julaeha"
        },
        "performer": [
            {
                "reference": "Practitioner\/10010596324",
                "display": "dr. Eha julaeha"
            }
        ],
        "reasonCode": [
            {
                "text": "Sakit kepala",
                "coding": [
                    {
                        "system": "http:\/\/snomed.info\/sct",
                        "code": "25064002",
                        "display": "Headache"
                    }
                ]
            }
        ]
    },
    "payload_json": "{\"resourceType\":\"ServiceRequest\",\"status\":\"active\",\"intent\":\"order\",\"priority\":\"routine\",\"category\":[{\"coding\":[{\"system\":\"http:\/\/snomed.info\/sct\",\"code\":\"363679005\",\"display\":\"Imaging\"}]}],\"code\":{\"coding\":[{\"system\":\"http:\/\/loinc.org\",\"code\":\"30746-2\",\"display\":\"Chest X-ray AP view\"}],\"text\":\"Tidak ada catatan\"},\"subject\":{\"reference\":\"Patient\/P01906659195\"},\"encounter\":{\"reference\":\"Encounter\/207aed4c-c056-406e-82a7-54f9d3530a31\",\"display\":\"Permintaan Radiologi\"},\"occurrenceDateTime\":\"2025-12-23T00:16:00+07:00\",\"authoredOn\":\"2025-12-23T00:16:00+07:00\",\"requester\":{\"reference\":\"Practitioner\/10010596324\",\"display\":\"dr. Eha julaeha\"},\"performer\":[{\"reference\":\"Practitioner\/10010596324\",\"display\":\"dr. Eha julaeha\"}],\"reasonCode\":[{\"text\":\"Sakit kepala\",\"coding\":[{\"system\":\"http:\/\/snomed.info\/sct\",\"code\":\"25064002\",\"display\":\"Headache\"}]}]}",
    "response": "{\"authoredOn\":\"2025-12-23T00:16:00+07:00\",\"category\":[{\"coding\":[{\"code\":\"363679005\",\"display\":\"Imaging\",\"system\":\"http:\/\/snomed.info\/sct\"}]}],\"code\":{\"coding\":[{\"code\":\"30746-2\",\"display\":\"Chest X-ray AP view\",\"system\":\"http:\/\/loinc.org\"}],\"text\":\"Tidak ada catatan\"},\"encounter\":{\"display\":\"Permintaan Radiologi\",\"reference\":\"Encounter\/207aed4c-c056-406e-82a7-54f9d3530a31\"},\"id\":\"79b6ea38-1dca-4ff6-a8b4-4ebbd9743960\",\"identifier\":[],\"intent\":\"order\",\"meta\":{\"lastUpdated\":\"2025-12-22T21:45:00.678237+00:00\",\"versionId\":\"MTc2NjQzOTkwMDY3ODIzNzAwMA\"},\"occurrenceDateTime\":\"2025-12-23T00:16:00+07:00\",\"performer\":[{\"display\":\"dr. Eha julaeha\",\"reference\":\"Practitioner\/10010596324\"}],\"priority\":\"routine\",\"reasonCode\":[{\"coding\":[{\"code\":\"25064002\",\"display\":\"Headache\",\"system\":\"http:\/\/snomed.info\/sct\"}],\"text\":\"Sakit kepala\"}],\"requester\":{\"display\":\"dr. Eha julaeha\",\"reference\":\"Practitioner\/10010596324\"},\"resourceType\":\"ServiceRequest\",\"status\":\"active\",\"subject\":{\"reference\":\"Patient\/P01906659195\"}}",
    "curl_error": "",
    "token_preview": "dTgdanA2GUwLczYzsOjo..."
}
